autoscan: warning: missing AC_CHECK_FUNCS([alarm]) wanted by: 
	timedrun.c:64
	timedrun.c:99
	testapp.c:1927
autoscan: warning: missing AC_CHECK_FUNCS([atexit]) wanted by: 
	sys_link/stdlib.h:518
autoscan: warning: missing AC_CHECK_FUNCS([bzero]) wanted by: 
	sys_link/string.h:459
autoscan: warning: missing AC_CHECK_FUNCS([dup2]) wanted by: 
	daemon.c:68
	daemon.c:72
	daemon.c:76
	testapp.c:481
	testapp.c:490
autoscan: warning: missing AC_CHECK_FUNCS([getdelim]) wanted by: 
	sys_link/stdio.h:665
autoscan: warning: missing AC_CHECK_FUNCS([gethostbyaddr]) wanted by: 
	ramcube.c:456
	sys_link/netdb.h:138
autoscan: warning: missing AC_CHECK_FUNCS([gethostbyname]) wanted by: 
	ramcube.c:448
	sys_link/netdb.h:145
autoscan: warning: missing AC_CHECK_FUNCS([gethostname]) wanted by: 
	sasl_defs.c:175
autoscan: warning: missing AC_CHECK_FUNCS([gettimeofday]) wanted by: 
	memcached.c:4467
autoscan: warning: missing AC_CHECK_FUNCS([inet_ntoa]) wanted by: 
	fake.h:34
	ramcube.c:353
	ramcube.c:394
	ramcube.c:464
	ramcube.c:580
	ramcube.c:598
	ramcube.c:761
	ramcube.c:763
	ramcube.c:794
	ramcube.c:800
	ramcube.c:801
	ramcube.c:804
	sys_link/inet.h:54
autoscan: warning: missing AC_CHECK_FUNCS([isascii]) wanted by: 
	sys_link/ctype.h:152
autoscan: warning: missing AC_CHECK_FUNCS([mblen]) wanted by: 
	sys_link/stdlib.h:860
autoscan: warning: missing AC_CHECK_FUNCS([memchr]) wanted by: 
	memcached.c:3503
	sys_link/string.h:75
	sys_link/string.h:77
	sys_link/string.h:82
	sys_link/string.h:88
	sys_link/string.h:95
autoscan: warning: missing AC_CHECK_FUNCS([memmove]) wanted by: 
	memcached.c:585
	memcached.c:1597
	memcached.c:3441
	memcached.c:3572
	memcached.c:3601
	memcached.c:3897
	sys_link/string.h:49
autoscan: warning: missing AC_CHECK_FUNCS([mempcpy]) wanted by: 
	sys_link/string.h:391
autoscan: warning: missing AC_CHECK_FUNCS([memset]) wanted by: 
	fake.h:22
	sasl_defs.c:174
	memcached.c:255
	memcached.c:3143
	memcached.c:4385
	slabs.c:113
	slabs.c:209
	slabs.c:615
	ramcube.c:256
	ramcube.c:257
	ramcube.c:258
	ramcube.c:260
	ramcube.c:261
	ramcube.c:262
	ramcube.c:263
	ramcube.c:264
	ramcube.c:265
	ramcube.c:267
	ramcube.c:330
	ramcube.c:345
	testapp.c:128
	testapp.c:584
	testapp.c:617
	testapp.c:759
	testapp.c:790
	testapp.c:813
	testapp.c:840
	testapp.c:868
	items.c:46
	items.c:429
	thread.c:699
	stats.c:39
	sys_link/string.h:65
autoscan: warning: missing AC_CHECK_FUNCS([putenv]) wanted by: 
	testapp.c:326
	testapp.c:328
	testapp.c:329
	sys_link/stdlib.h:579
autoscan: warning: missing AC_CHECK_FUNCS([realpath]) wanted by: 
	sys_link/stdlib.h:734
autoscan: warning: missing AC_CHECK_FUNCS([rpmatch]) wanted by: 
	sys_link/stdlib.h:885
autoscan: warning: missing AC_CHECK_FUNCS([setenv]) wanted by: 
	sys_link/stdlib.h:585
autoscan: warning: missing AC_CHECK_FUNCS([socket]) wanted by: 
	memcached.c:4104
	memcached.c:4339
	testapp.c:448
	sys_link/socket.h:105
autoscan: warning: missing AC_CHECK_FUNCS([stpcpy]) wanted by: 
	sys_link/string.h:571
autoscan: warning: missing AC_CHECK_FUNCS([strcasecmp]) wanted by: 
	sys_link/string.h:536
autoscan: warning: missing AC_CHECK_FUNCS([strchr]) wanted by: 
	memcached.c:4316
	memcached.c:5045
	util.c:29
	util.c:74
	sys_link/string.h:215
	sys_link/string.h:217
	sys_link/string.h:222
	sys_link/string.h:228
	sys_link/string.h:235
autoscan: warning: missing AC_CHECK_FUNCS([strcspn]) wanted by: 
	sys_link/string.h:284
autoscan: warning: missing AC_CHECK_FUNCS([strdup]) wanted by: 
	memcached.c:4306
	memcached.c:4858
	memcached.c:5033
	cache.c:23
	sys_link/string.h:175
autoscan: warning: missing AC_CHECK_FUNCS([strerror]) wanted by: 
	memcached.c:3940
	memcached.c:4687
	memcached.c:4694
	memcached.c:5150
	memcached.c:5216
	slabs.c:861
	slabs.c:866
	assoc.c:277
	testapp.c:366
	testapp.c:394
	testapp.c:452
	testapp.c:459
	testapp.c:465
	testapp.c:506
	testapp.c:526
	testapp.c:548
	testapp.c:673
	testapp.c:694
	testapp.c:1762
	thread.c:310
	sys_link/string.h:413
autoscan: warning: missing AC_CHECK_FUNCS([strncasecmp]) wanted by: 
	sys_link/string.h:540
autoscan: warning: missing AC_CHECK_FUNCS([strndup]) wanted by: 
	sys_link/string.h:183
autoscan: warning: missing AC_CHECK_FUNCS([strpbrk]) wanted by: 
	sys_link/string.h:294
	sys_link/string.h:296
	sys_link/string.h:301
	sys_link/string.h:307
	sys_link/string.h:314
autoscan: warning: missing AC_CHECK_FUNCS([strrchr]) wanted by: 
	sys_link/string.h:242
	sys_link/string.h:244
	sys_link/string.h:249
	sys_link/string.h:255
	sys_link/string.h:262
autoscan: warning: missing AC_CHECK_FUNCS([strspn]) wanted by: 
	sys_link/string.h:288
autoscan: warning: missing AC_CHECK_FUNCS([strstr]) wanted by: 
	ramcube.c:235
	sys_link/string.h:321
	sys_link/string.h:323
	sys_link/string.h:329
	sys_link/string.h:335
	sys_link/string.h:342
autoscan: warning: missing AC_CHECK_FUNCS([strtol]) wanted by: 
	memcached.c:2347
	memcached.c:3325
	memcached.c:3362
	memcached.c:3363
	memcached.c:4811
	util.c:90
	sys_link/stdlib.h:184
	sys_link/stdlib.h:286
	sys_link/stdlib.h:291
autoscan: warning: missing AC_CHECK_FUNCS([strtoul]) wanted by: 
	memcached.c:1261
	memcached.c:1346
	memcached.c:3213
	memcached.c:3226
	util.c:64
	sys_link/stdlib.h:188
autoscan: warning: missing AC_CHECK_FUNCS([strtoull]) wanted by: 
	memcached.c:1093
	util.c:19
	sys_link/stdlib.h:215
autoscan: warning: missing AC_CHECK_FUNCS([strverscmp]) wanted by: 
	sys_link/string.h:586
autoscan: warning: missing AC_CHECK_HEADERS([arpa/inet.h]) wanted by: 
	memcached.c:39
	ramcube.c:5
	testapp.c:8
autoscan: warning: missing AC_CHECK_HEADERS([fcntl.h]) wanted by: 
	memcached.c:37
	slabs.c:15
	assoc.c:19
	daemon.c:37
	testapp.c:19
	items.c:7
autoscan: warning: missing AC_CHECK_HEADERS([limits.h]) wanted by: 
	memcached.c:46
autoscan: warning: missing AC_CHECK_HEADERS([netdb.h]) wanted by: 
	ramcube.c:8
	testapp.c:7
	memcached.h:17
autoscan: warning: missing AC_CHECK_HEADERS([netinet/in.h]) wanted by: 
	slabs.c:16
	assoc.c:20
	testapp.c:9
	testapp.c:18
	items.c:8
	memcached.h:15
	sys_link/netdb.h:28
	sys_link/inet.h:23
autoscan: warning: missing AC_CHECK_HEADERS([stddef.h]) wanted by: 
	memcached.c:48
	sys_link/stdio.h:34
	sys_link/socket.h:30
	sys_link/stdlib.h:33
	sys_link/types.h:147
	sys_link/string.h:34
autoscan: warning: missing AC_CHECK_HEADERS([sys/socket.h]) wanted by: 
	memcached.c:18
	slabs.c:12
	assoc.c:16
	ramcube.c:10
	testapp.c:5
	items.c:4
	memcached.h:13
	sys_link/in.h:25
autoscan: warning: missing AC_CHECK_HEADERS([sys/time.h]) wanted by: 
	memcached.h:14
autoscan: warning: missing AC_CHECK_TYPES([ptrdiff_t]) wanted by: 
	memcached.c:1567
autoscan: warning: missing AC_C_INLINE wanted by: 
	memcached.c:2483
	memcached.c:2519
	memcached.c:2726
	cache.c:48
	memcached.h:492
autoscan: warning: missing AC_FUNC_ALLOCA wanted by: 
	sys_link/stdlib.h:497
autoscan: warning: missing AC_FUNC_FORK wanted by: 
	timedrun.c:73
	daemon.c:48
	testapp.c:316
	testapp.c:1827
autoscan: warning: missing AC_FUNC_FSEEKO wanted by: 
	sys_link/stdio.h:770
	sys_link/stdio.h:775
autoscan: warning: missing AC_FUNC_LSTAT_FOLLOWS_SLASHED_SYMLINK wanted by: 
	memcached.c:4372
autoscan: warning: missing AC_FUNC_MALLOC wanted by: 
	Object.c:19
	memcached.c:381
	memcached.c:382
	memcached.c:383
	memcached.c:384
	memcached.c:385
	memcached.c:386
	memcached.c:765
	memcached.c:4849
	slabs.c:103
	slabs.c:376
	cache.c:79
	ramcube.c:920
	testapp.c:1627
	testapp.c:1753
	items.c:391
	thread.c:265
	thread.c:345
	stats.c:99
	stats.c:186
	sys_link/stdlib.h:471
autoscan: warning: missing AC_FUNC_OBSTACK wanted by: 
	sys_link/stdio.h:893
	sys_link/stdio.h:896
	sys_link/stdio.h:899
autoscan: warning: missing AC_FUNC_REALLOC wanted by: 
	memcached.c:244
	memcached.c:325
	memcached.c:587
	memcached.c:598
	memcached.c:607
	memcached.c:616
	memcached.c:676
	memcached.c:763
	memcached.c:1455
	memcached.c:1581
	memcached.c:2752
	memcached.c:2776
	memcached.c:3611
	slabs.c:178
	cache.c:133
	sys_link/stdlib.h:485
autoscan: warning: missing AC_FUNC_STRCOLL wanted by: 
	sys_link/string.h:150
autoscan: warning: missing AC_FUNC_STRERROR_R wanted by: 
	sys_link/string.h:438
autoscan: warning: missing AC_FUNC_STRNLEN wanted by: 
	sys_link/string.h:203
	sys_link/string.h:406
autoscan: warning: missing AC_FUNC_STRTOD wanted by: 
	sys_link/stdlib.h:165
	sys_link/stdlib.h:281
autoscan: warning: missing AC_TYPE_INT16_T wanted by: 
	sys_link/types.h:164
autoscan: warning: missing AC_TYPE_INT32_T wanted by: 
	memcached.c:2886
	memcached.c:2906
	memcached.c:2973
	util.c:85
	util.h:13
	testapp.c:258
	testapp.c:374
	testapp.c:404
	sys_link/stdlib.h:351
	sys_link/stdlib.h:352
	sys_link/stdlib.h:353
	sys_link/stdlib.h:357
	sys_link/stdlib.h:361
	sys_link/types.h:165
autoscan: warning: missing AC_TYPE_INT64_T wanted by: 
	memcached.c:3074
	util.c:39
	util.c:123
	util.h:11
	testapp.c:229
	thread.c:578
	memcached.h:486
	memcached.h:522
	sys_link/types.h:167
	sys_link/types.h:169
autoscan: warning: missing AC_TYPE_INT8_T wanted by: 
	sys_link/types.h:163
autoscan: warning: missing AC_TYPE_MODE_T wanted by: 
	sys_link/types.h:71
autoscan: warning: missing AC_TYPE_OFF_T wanted by: 
	testapp.c:518
	testapp.c:542
	testapp.c:645
	testapp.c:689
	testapp.c:746
	testapp.c:769
	testapp.c:779
	testapp.c:797
	testapp.c:809
	testapp.c:817
	testapp.c:831
	testapp.c:851
	testapp.c:857
	testapp.c:879
	testapp.c:1643
	sys_link/stdio.h:91
	sys_link/stdio.h:93
	sys_link/types.h:87
	sys_link/types.h:89
autoscan: warning: missing AC_TYPE_PID_T wanted by: 
	timedrun.c:17
	timedrun.c:35
	timedrun.c:73
	memcached.c:2542
	memcached.c:4615
	testapp.c:30
	testapp.c:295
	testapp.c:316
	testapp.c:406
	testapp.c:414
	testapp.c:1790
	testapp.c:1828
	testapp.c:1832
	testapp.c:1833
	sys_link/types.h:99
autoscan: warning: missing AC_TYPE_SIZE_T wanted by: 
	fake.h:1
	fake.h:22
	fake.h:24
	fake.h:162
	fake.h:163
	items.h:5
	items.h:7
	items.h:24
	items.h:25
	sizes.c:5
	sasl_defs.c:37
	cache.h:54
	cache.h:83
	cache.h:83
	memcached.c:324
	memcached.c:381
	memcached.c:382
	memcached.c:585
	memcached.c:792
	memcached.c:983
	memcached.c:1055
	memcached.c:1220
	memcached.c:1312
	memcached.c:1437
	memcached.c:1438
	memcached.c:1439
	memcached.c:1479
	memcached.c:1485
	memcached.c:1497
	memcached.c:1569
	memcached.c:1570
	memcached.c:2168
	memcached.c:2400
	memcached.c:2426
	memcached.c:2426
	memcached.c:2428
	memcached.c:2429
	memcached.c:2483
	memcached.c:2649
	memcached.c:2726
	memcached.c:2728
	memcached.c:2882
	memcached.c:2884
	memcached.c:2970
	memcached.c:2972
	memcached.c:3013
	memcached.c:3017
	memcached.c:3073
	memcached.c:3154
	memcached.c:3156
	memcached.c:3206
	memcached.c:3219
	memcached.c:3242
	memcached.c:4668
	memcached.c:4671
	memcached.c:4826
	memcached.c:4848
	slabs.c:39
	slabs.c:43
	slabs.c:44
	slabs.c:49
	slabs.c:61
	slabs.c:62
	slabs.c:80
	slabs.c:95
	slabs.c:141
	slabs.c:177
	slabs.c:203
	slabs.c:209
	slabs.c:220
	slabs.c:257
	slabs.c:371
	slabs.c:400
	slabs.c:409
	slabs.c:421
	slabs.c:421
	slabs.c:615
	stats.h:4
	stats.h:5
	stats.h:6
	assoc.c:77
	assoc.c:106
	assoc.c:178
	slabs.h:11
	slabs.h:19
	slabs.h:22
	slabs.h:25
	slabs.h:28
	slabs.h:28
	cache.c:19
	cache.c:19
	cache.c:132
	ramcube.c:77
	ramcube.c:96
	ramcube.c:126
	ramcube.c:162
	ramcube.c:202
	ramcube.c:206
	ramcube.c:206
	ramcube.c:616
	ramcube.c:620
	ramcube.c:630
	ramcube.c:684
	ramcube.c:900
	ramcube.c:970
	ramcube.c:970
	ramcube.c:973
	ramcube.c:974
	hash.c:127
	hash.c:131
	hash.c:306
	hash.c:309
	testapp.c:118
	testapp.c:520
	testapp.c:541
	testapp.c:597
	testapp.c:643
	testapp.c:663
	testapp.c:685
	testapp.c:709
	testapp.c:719
	testapp.c:747
	testapp.c:750
	testapp.c:752
	testapp.c:780
	testapp.c:783
	testapp.c:785
	testapp.c:809
	testapp.c:832
	testapp.c:835
	testapp.c:858
	testapp.c:861
	testapp.c:988
	testapp.c:1006
	testapp.c:1039
	testapp.c:1088
	testapp.c:1127
	testapp.c:1178
	testapp.c:1227
	testapp.c:1252
	testapp.c:1283
	testapp.c:1287
	testapp.c:1327
	testapp.c:1364
	testapp.c:1409
	testapp.c:1428
	testapp.c:1505
	testapp.c:1590
	testapp.c:1612
	testapp.c:1642
	testapp.c:1654
	testapp.c:1655
	testapp.c:1752
	testapp.c:1775
	testapp.c:1797
	items.c:80
	items.c:88
	items.c:94
	items.c:213
	items.c:219
	items.c:237
	items.c:241
	items.c:391
	items.c:521
	items.c:576
	assoc.h:3
	assoc.h:5
	thread.c:483
	thread.c:494
	thread.c:504
	thread.c:577
	ramcube.h:7
	hash.h:8
	memcached.h:283
	memcached.h:445
	memcached.h:446
	memcached.h:485
	memcached.h:521
	memcached.h:528
	memcached.h:531
	memcached.h:532
	stats.c:24
	stats.c:67
	stats.c:70
	stats.c:122
	stats.c:139
	stats.c:153
	stats.c:173
	sys_link/netdb.h:169
	sys_link/netdb.h:176
	sys_link/netdb.h:182
	sys_link/netdb.h:188
	sys_link/netdb.h:239
	sys_link/netdb.h:245
	sys_link/netdb.h:251
	sys_link/netdb.h:311
	sys_link/netdb.h:317
	sys_link/netdb.h:322
	sys_link/netdb.h:377
	sys_link/netdb.h:382
	sys_link/netdb.h:387
	sys_link/netdb.h:437
	sys_link/stdio.h:320
	sys_link/stdio.h:326
	sys_link/stdio.h:338
	sys_link/stdio.h:345
	sys_link/stdio.h:387
	sys_link/stdio.h:391
	sys_link/stdio.h:663
	sys_link/stdio.h:666
	sys_link/stdio.h:676
	sys_link/stdio.h:706
	sys_link/stdio.h:706
	sys_link/stdio.h:707
	sys_link/stdio.h:712
	sys_link/stdio.h:712
	sys_link/stdio.h:713
	sys_link/stdio.h:734
	sys_link/stdio.h:734
	sys_link/stdio.h:735
	sys_link/stdio.h:736
	sys_link/stdio.h:736
	sys_link/stdio.h:737
	sys_link/socket.h:141
	sys_link/socket.h:148
	sys_link/socket.h:155
	sys_link/socket.h:166
	sys_link/stdlib.h:140
	sys_link/stdlib.h:337
	sys_link/stdlib.h:367
	sys_link/stdlib.h:471
	sys_link/stdlib.h:473
	sys_link/stdlib.h:473
	sys_link/stdlib.h:485
	sys_link/stdlib.h:503
	sys_link/stdlib.h:508
	sys_link/stdlib.h:508
	sys_link/stdlib.h:756
	sys_link/stdlib.h:756
	sys_link/stdlib.h:761
	sys_link/stdlib.h:761
	sys_link/stdlib.h:764
	sys_link/stdlib.h:764
	sys_link/stdlib.h:840
	sys_link/stdlib.h:843
	sys_link/stdlib.h:847
	sys_link/stdlib.h:851
	sys_link/stdlib.h:860
	sys_link/stdlib.h:864
	sys_link/stdlib.h:871
	sys_link/stdlib.h:872
	sys_link/stdlib.h:874
	sys_link/stdlib.h:875
	sys_link/stdlib.h:937
	sys_link/string.h:45
	sys_link/string.h:49
	sys_link/string.h:58
	sys_link/string.h:65
	sys_link/string.h:68
	sys_link/string.h:75
	sys_link/string.h:77
	sys_link/string.h:82
	sys_link/string.h:88
	sys_link/string.h:95
	sys_link/string.h:115
	sys_link/string.h:117
	sys_link/string.h:120
	sys_link/string.h:132
	sys_link/string.h:140
	sys_link/string.h:146
	sys_link/string.h:153
	sys_link/string.h:154
	sys_link/string.h:168
	sys_link/string.h:168
	sys_link/string.h:183
	sys_link/string.h:193
	sys_link/string.h:203
	sys_link/string.h:284
	sys_link/string.h:288
	sys_link/string.h:382
	sys_link/string.h:383
	sys_link/string.h:389
	sys_link/string.h:392
	sys_link/string.h:399
	sys_link/string.h:406
	sys_link/string.h:406
	sys_link/string.h:428
	sys_link/string.h:431
	sys_link/string.h:438
	sys_link/string.h:451
	sys_link/string.h:455
	sys_link/string.h:459
	sys_link/string.h:462
	sys_link/string.h:540
	sys_link/string.h:552
	sys_link/string.h:577
	sys_link/string.h:580
	sys_link/string.h:593
	sys_link/inet.h:78
	sys_link/inet.h:84
	sys_link/inet.h:90
autoscan: warning: missing AC_TYPE_SSIZE_T wanted by: 
	memcached.c:3718
	testapp.c:523
	testapp.c:545
	testapp.c:670
	testapp.c:691
	testapp.c:1810
	sys_link/stdio.h:103
	sys_link/socket.h:141
	sys_link/socket.h:148
	sys_link/socket.h:155
	sys_link/socket.h:166
	sys_link/socket.h:176
	sys_link/socket.h:184
	sys_link/types.h:110
autoscan: warning: missing AC_TYPE_UID_T wanted by: 
	sys_link/types.h:66
	sys_link/types.h:81
autoscan: warning: missing AC_TYPE_UINT16_T wanted by: 
	fake.h:2
	fake.h:28
	fake.h:28
	fake.h:29
	fake.h:29
	memcached.c:938
	memcached.c:938
	memcached.c:956
	memcached.c:960
	memcached.c:1238
	memcached.c:1326
	memcached.c:1389
	memcached.c:1397
	memcached.c:1418
	memcached.c:1467
	protocol_binary.h:155
	protocol_binary.h:158
	protocol_binary.h:174
	protocol_binary.h:177
	protocol_binary.h:444
	hash.c:206
	testapp.c:886
	memcached.h:132
	sys_link/in.h:97
	sys_link/in.h:204
	sys_link/in.h:366
	sys_link/in.h:366
	sys_link/in.h:370
	sys_link/in.h:370
autoscan: warning: missing AC_TYPE_UINT32_T wanted by: 
	items.h:5
	items.h:9
	items.h:10
	items.h:11
	items.h:14
	items.h:24
	items.h:25
	items.h:25
	memcached.c:938
	memcached.c:1239
	memcached.c:1327
	memcached.c:1390
	memcached.c:1393
	memcached.c:1419
	memcached.c:1422
	memcached.c:1468
	memcached.c:1816
	memcached.c:2281
	memcached.c:2904
	memcached.c:3076
	slabs.c:325
	slabs.c:523
	util.c:56
	assoc.c:77
	assoc.c:106
	assoc.c:154
	assoc.c:178
	util.h:12
	protocol_binary.h:159
	protocol_binary.h:160
	protocol_binary.h:178
	protocol_binary.h:179
	protocol_binary.h:223
	protocol_binary.h:255
	protocol_binary.h:275
	protocol_binary.h:276
	protocol_binary.h:315
	protocol_binary.h:396
	protocol_binary.h:414
	protocol_binary.h:447
	hash.c:125
	hash.c:128
	hash.c:130
	hash.c:134
	hash.c:138
	hash.c:189
	hash.c:190
	hash.c:193
	hash.c:194
	hash.c:197
	hash.c:198
	hash.c:212
	hash.c:213
	hash.c:214
	hash.c:224
	hash.c:225
	hash.c:226
	hash.c:228
	hash.c:230
	hash.c:231
	hash.c:234
	hash.c:235
	hash.c:237
	hash.c:239
	hash.c:242
	hash.c:244
	hash.c:259
	hash.c:260
	hash.c:261
	hash.c:263
	hash.c:264
	hash.c:265
	hash.c:267
	hash.c:268
	hash.c:269
	hash.c:278
	hash.c:279
	hash.c:280
	hash.c:282
	hash.c:283
	hash.c:284
	hash.c:286
	hash.c:287
	hash.c:288
	hash.c:306
	hash.c:306
	hash.c:308
	hash.c:312
	hash.c:316
	hash.c:367
	hash.c:368
	hash.c:369
	hash.c:371
	hash.c:372
	hash.c:373
	hash.c:375
	hash.c:376
	hash.c:377
	hash.c:389
	hash.c:390
	hash.c:391
	hash.c:392
	hash.c:393
	hash.c:394
	hash.c:395
	hash.c:396
	hash.c:397
	hash.c:398
	hash.c:399
	hash.c:400
	hash.c:410
	hash.c:411
	hash.c:412
	hash.c:414
	hash.c:415
	hash.c:416
	hash.c:418
	hash.c:419
	hash.c:420
	testapp.c:37
	testapp.c:91
	testapp.c:104
	testapp.c:153
	testapp.c:170
	testapp.c:186
	testapp.c:753
	testapp.c:754
	testapp.c:809
	testapp.c:836
	testapp.c:864
	items.c:90
	items.c:115
	items.c:291
	items.c:314
	items.c:331
	items.c:369
	items.c:521
	items.c:576
	items.c:577
	assoc.h:3
	assoc.h:4
	assoc.h:5
	thread.c:59
	thread.c:124
	thread.c:140
	thread.c:152
	thread.c:496
	thread.c:504
	thread.c:506
	thread.c:519
	thread.c:533
	thread.c:546
	thread.c:554
	thread.c:565
	thread.c:581
	thread.c:595
	hash.h:8
	hash.h:8
	memcached.h:133
	memcached.h:487
	memcached.h:488
	memcached.h:532
	memcached.h:535
	memcached.h:544
	memcached.h:545
	memcached.h:547
	stats.c:69
	sys_link/netdb.h:219
	sys_link/netdb.h:243
	sys_link/netdb.h:530
	sys_link/in.h:141
	sys_link/in.h:205
	sys_link/in.h:243
	sys_link/in.h:245
	sys_link/in.h:290
	sys_link/in.h:299
	sys_link/in.h:319
	sys_link/in.h:322
	sys_link/in.h:334
	sys_link/in.h:340
	sys_link/in.h:343
	sys_link/in.h:365
	sys_link/in.h:365
	sys_link/in.h:368
	sys_link/in.h:368
	sys_link/in.h:451
	sys_link/in.h:452
	sys_link/in.h:453
	sys_link/in.h:454
	sys_link/in.h:457
	sys_link/in.h:458
	sys_link/in.h:459
	sys_link/in.h:460
	sys_link/in.h:463
	sys_link/in.h:467
	sys_link/in.h:471
	sys_link/in.h:472
	sys_link/in.h:473
	sys_link/in.h:476
	sys_link/in.h:477
	sys_link/in.h:478
	sys_link/in.h:479
	sys_link/in.h:482
	sys_link/in.h:482
	sys_link/in.h:483
	sys_link/in.h:483
	sys_link/in.h:484
	sys_link/in.h:484
	sys_link/in.h:485
	sys_link/in.h:485
	sys_link/in.h:533
	sys_link/in.h:590
	sys_link/in.h:591
	sys_link/in.h:596
	sys_link/in.h:597
	sys_link/in.h:603
	sys_link/in.h:605
	sys_link/in.h:606
	sys_link/in.h:610
	sys_link/in.h:612
	sys_link/in.h:613
autoscan: warning: missing AC_TYPE_UINT64_T wanted by: 
	fake.h:169
	items.h:2
	items.h:28
	sizes.c:18
	memcached.c:851
	memcached.c:1058
	memcached.c:1164
	memcached.c:2182
	memcached.c:2889
	memcached.c:3015
	memcached.c:3075
	memcached.c:3078
	slabs.c:648
	slabs.c:652
	slabs.c:653
	slabs.c:654
	util.c:14
	util.c:119
	util.c:119
	util.c:136
	util.c:136
	util.c:140
	util.c:140
	util.h:10
	util.h:16
	util.h:16
	util.h:17
	util.h:17
	cache.c:13
	cache.c:50
	cache.c:95
	cache.c:118
	protocol_binary.h:161
	protocol_binary.h:180
	protocol_binary.h:313
	protocol_binary.h:314
	protocol_binary.h:331
	testapp.c:44
	testapp.c:47
	testapp.c:54
	testapp.c:54
	testapp.c:57
	testapp.c:58
	testapp.c:72
	testapp.c:72
	testapp.c:75
	testapp.c:210
	testapp.c:862
	testapp.c:863
	testapp.c:1038
	testapp.c:1082
	testapp.c:1121
	testapp.c:1645
	items.c:29
	items.c:30
	items.c:32
	items.c:33
	items.c:34
	items.c:35
	items.c:36
	items.c:52
	items.c:53
	items.c:96
	items.c:244
	items.c:418
	thread.c:579
	memcached.h:83
	memcached.h:92
	memcached.h:95
	memcached.h:99
	memcached.h:103
	memcached.h:210
	memcached.h:211
	memcached.h:212
	memcached.h:213
	memcached.h:214
	memcached.h:215
	memcached.h:216
	memcached.h:217
	memcached.h:225
	memcached.h:226
	memcached.h:227
	memcached.h:228
	memcached.h:229
	memcached.h:230
	memcached.h:231
	memcached.h:232
	memcached.h:233
	memcached.h:234
	memcached.h:235
	memcached.h:236
	memcached.h:237
	memcached.h:238
	memcached.h:249
	memcached.h:252
	memcached.h:255
	memcached.h:256
	memcached.h:257
	memcached.h:258
	memcached.h:259
	memcached.h:260
	memcached.h:261
	memcached.h:262
	memcached.h:263
	memcached.h:266
	memcached.h:268
	memcached.h:270
	memcached.h:271
	memcached.h:273
	memcached.h:342
	memcached.h:452
	memcached.h:487
	memcached.h:523
	stats.c:25
	stats.c:26
	stats.c:27
	stats.c:28
	stats.c:230
	stats.c:230
autoscan: warning: missing AC_TYPE_UINT8_T wanted by: 
	memcached.c:938
	memcached.c:954
	memcached.c:958
	memcached.c:959
	memcached.c:1395
	memcached.c:1398
	protocol_binary.h:153
	protocol_binary.h:154
	protocol_binary.h:156
	protocol_binary.h:157
	protocol_binary.h:163
	protocol_binary.h:172
	protocol_binary.h:173
	protocol_binary.h:175
	protocol_binary.h:176
	protocol_binary.h:182
	protocol_binary.h:192
	protocol_binary.h:202
	protocol_binary.h:226
	protocol_binary.h:258
	protocol_binary.h:279
	protocol_binary.h:318
	protocol_binary.h:334
	protocol_binary.h:399
	protocol_binary.h:417
	protocol_binary.h:445
	protocol_binary.h:446
	protocol_binary.h:450
	hash.c:140
	hash.c:185
	hash.c:207
	hash.c:221
	hash.c:253
	hash.c:318
	hash.c:363
	hash.c:384
	testapp.c:648
	testapp.c:649
	testapp.c:731
	testapp.c:732
	testapp.c:748
	testapp.c:781
	testapp.c:809
	testapp.c:833
	testapp.c:859
	testapp.c:886
	testapp.c:1000
	testapp.c:1032
	testapp.c:1081
	testapp.c:1120
	testapp.c:1172
	testapp.c:1221
	testapp.c:1276
	testapp.c:1320
	testapp.c:1357
	testapp.c:1421
	testapp.c:1497
	testapp.c:1605
	testapp.c:1653
	testapp.c:1653
	items.c:80
	items.c:81
	items.c:83
	items.c:91
	items.c:239
	thread.c:125
	thread.c:153
	memcached.h:335
	memcached.h:336
	memcached.h:337
	memcached.h:338
	memcached.h:360
	memcached.h:475
	sys_link/in.h:202
	sys_link/in.h:502
	sys_link/in.h:506
	sys_link/in.h:510
	sys_link/in.h:514
	sys_link/in.h:518
	sys_link/in.h:543
	sys_link/in.h:545
	sys_link/in.h:549
	sys_link/in.h:552
	sys_link/in.h:559
	sys_link/in.h:559
	sys_link/in.h:566
	sys_link/in.h:569
