This file contains any messages produced by compilers while
running configure, to aid debugging if configure makes a mistake.

It was created by memcached configure 1.4.15, which was
generated by GNU Autoconf 2.69.  Invocation command line was

  $ ./configure --prefix=/opt --with-libevent=/usr/lib/x86_64-linux-gnu

## --------- ##
## Platform. ##
## --------- ##

hostname = Master
uname -m = x86_64
uname -r = 3.13.0-32-generic
uname -s = Linux
uname -v = #57-Ubuntu SMP Tue Jul 15 03:51:08 UTC 2014

/usr/bin/uname -p = unknown
/bin/uname -X     = unknown

/bin/arch              = unknown
/usr/bin/arch -k       = unknown
/usr/convex/getsysinfo = unknown
/usr/bin/hostinfo      = unknown
/bin/machine           = unknown
/usr/bin/oslevel       = unknown
/bin/universe          = unknown

PATH: /home/zhangchengfei/Tools/apache-maven-3.2.3/bin
PATH: /home/zhangchengfei/Tools/scala-2.11.4/bin
PATH: /home/zhangchengfei/Tools/idea-IC-139.659.2/bin
PATH: /home/zhangchengfei/Tools/jdk1.7.0_71/bin
PATH: /home/zhangchengfei/Tools/sbt/bin/
PATH: /home/zhangchengfei/Tools/eclipse/
PATH: /usr/local/sbin
PATH: /usr/local/bin
PATH: /usr/sbin
PATH: /usr/bin
PATH: /sbin
PATH: /bin
PATH: /usr/games
PATH: /usr/local/games
PATH: /home/zhangchengfei/Tools/hadoop-2.2.0/bin
PATH: /home/zhangchengfei/Tools/hadoop-2.2.0/sbin
PATH: /home/zhangchengfei/Tools/pycharm-community-4.0.4/bin


## ----------- ##
## Core tests. ##
## ----------- ##

configure:2331: checking build system type
configure:2345: result: x86_64-unknown-linux-gnu
configure:2365: checking host system type
configure:2378: result: x86_64-unknown-linux-gnu
configure:2398: checking target system type
configure:2411: result: x86_64-unknown-linux-gnu
configure:2455: checking for a BSD-compatible install
configure:2523: result: /usr/bin/install -c
configure:2534: checking whether build environment is sane
configure:2589: result: yes
configure:2627: WARNING: 'missing' script is too old or missing
configure:2740: checking for a thread-safe mkdir -p
configure:2779: result: /bin/mkdir -p
configure:2786: checking for gawk
configure:2802: found /usr/bin/gawk
configure:2813: result: gawk
configure:2824: checking whether make sets $(MAKE)
configure:2846: result: yes
configure:2875: checking whether make supports nested variables
configure:2892: result: yes
configure:3069: checking for gcc
configure:3085: found /usr/bin/gcc
configure:3096: result: gcc
configure:3325: checking for C compiler version
configure:3334: gcc --version >&5
gcc (Ubuntu/Linaro 4.4.7-8ubuntu1) 4.4.7
Copyright (C) 2010 Free Software Foundation, Inc.
This is free software; see the source for copying conditions.  There is NO
warranty; not even for MERCHANTABILITY or FITNESS FOR A PARTICULAR PURPOSE.

configure:3345: $? = 0
configure:3334: gcc -v >&5
Using built-in specs.
Target: x86_64-linux-gnu
Configured with: ../src/configure -v --with-pkgversion='Ubuntu/Linaro 4.4.7-8ubuntu1' --with-bugurl=file:///usr/share/doc/gcc-4.4/README.Bugs --enable-languages=c,c++,fortran --prefix=/usr --program-suffix=-4.4 --enable-shared --enable-linker-build-id --with-system-zlib --libexecdir=/usr/lib --without-included-gettext --enable-threads=posix --with-gxx-include-dir=/usr/include/c++/4.4 --libdir=/usr/lib --enable-nls --with-sysroot=/ --enable-clocale=gnu --enable-libstdcxx-debug --disable-libmudflap --disable-werror --with-arch-32=i686 --with-tune=generic --enable-checking=release --build=x86_64-linux-gnu --host=x86_64-linux-gnu --target=x86_64-linux-gnu
Thread model: posix
gcc version 4.4.7 (Ubuntu/Linaro 4.4.7-8ubuntu1) 
configure:3345: $? = 0
configure:3334: gcc -V >&5
gcc: '-V' option must have argument
configure:3345: $? = 1
configure:3334: gcc -qversion >&5
gcc: unrecognized option '-qversion'
gcc: no input files
configure:3345: $? = 1
configure:3365: checking whether the C compiler works
configure:3387: gcc    conftest.c  >&5
configure:3391: $? = 0
configure:3439: result: yes
configure:3442: checking for C compiler default output file name
configure:3444: result: a.out
configure:3450: checking for suffix of executables
configure:3457: gcc -o conftest    conftest.c  >&5
configure:3461: $? = 0
configure:3483: result: 
configure:3505: checking whether we are cross compiling
configure:3513: gcc -o conftest    conftest.c  >&5
configure:3517: $? = 0
configure:3524: ./conftest
configure:3528: $? = 0
configure:3543: result: no
configure:3548: checking for suffix of object files
configure:3570: gcc -c   conftest.c >&5
configure:3574: $? = 0
configure:3595: result: o
configure:3599: checking whether we are using the GNU C compiler
configure:3618: gcc -c   conftest.c >&5
configure:3618: $? = 0
configure:3627: result: yes
configure:3636: checking whether gcc accepts -g
configure:3656: gcc -c -g  conftest.c >&5
configure:3656: $? = 0
configure:3697: result: yes
configure:3714: checking for gcc option to accept ISO C89
configure:3777: gcc  -c -g -O2  conftest.c >&5
configure:3777: $? = 0
configure:3790: result: none needed
configure:3815: checking whether gcc understands -c and -o together
configure:3837: gcc -c conftest.c -o conftest2.o
configure:3840: $? = 0
configure:3837: gcc -c conftest.c -o conftest2.o
configure:3840: $? = 0
configure:3852: result: yes
configure:3880: checking for style of include used by make
configure:3908: result: GNU
configure:3934: checking dependency style of gcc
configure:4045: result: gcc3
configure:4069: checking how to run the C preprocessor
configure:4100: gcc -E  conftest.c
configure:4100: $? = 0
configure:4114: gcc -E  conftest.c
conftest.c:11: fatal error: ac_nonexistent.h: No such file or directory
compilation terminated.
configure:4114: $? = 1
configure: failed program was:
| /* confdefs.h */
| #define PACKAGE_NAME "memcached"
| #define PACKAGE_TARNAME "memcached"
| #define PACKAGE_VERSION "1.4.15"
| #define PACKAGE_STRING "memcached 1.4.15"
| #define PACKAGE_BUGREPORT "memcached@googlegroups.com"
| #define PACKAGE_URL ""
| #define PACKAGE "memcached"
| #define VERSION "1.4.15"
| /* end confdefs.h.  */
| #include <ac_nonexistent.h>
configure:4139: result: gcc -E
configure:4159: gcc -E  conftest.c
configure:4159: $? = 0
configure:4173: gcc -E  conftest.c
conftest.c:11: fatal error: ac_nonexistent.h: No such file or directory
compilation terminated.
configure:4173: $? = 1
configure: failed program was:
| /* confdefs.h */
| #define PACKAGE_NAME "memcached"
| #define PACKAGE_TARNAME "memcached"
| #define PACKAGE_VERSION "1.4.15"
| #define PACKAGE_STRING "memcached 1.4.15"
| #define PACKAGE_BUGREPORT "memcached@googlegroups.com"
| #define PACKAGE_URL ""
| #define PACKAGE "memcached"
| #define VERSION "1.4.15"
| /* end confdefs.h.  */
| #include <ac_nonexistent.h>
configure:4202: checking for grep that handles long lines and -e
configure:4260: result: /bin/grep
configure:4265: checking for egrep
configure:4327: result: /bin/grep -E
configure:4334: checking for icc in use
configure:4343: result: no
configure:4363: checking for ANSI C header files
configure:4383: gcc -c -g -O2  conftest.c >&5
configure:4383: $? = 0
configure:4456: gcc -o conftest -g -O2   conftest.c  >&5
configure:4456: $? = 0
configure:4456: ./conftest
configure:4456: $? = 0
configure:4467: result: yes
configure:4480: checking for sys/types.h
configure:4480: gcc -c -g -O2  conftest.c >&5
configure:4480: $? = 0
configure:4480: result: yes
configure:4480: checking for sys/stat.h
configure:4480: gcc -c -g -O2  conftest.c >&5
configure:4480: $? = 0
configure:4480: result: yes
configure:4480: checking for stdlib.h
configure:4480: gcc -c -g -O2  conftest.c >&5
configure:4480: $? = 0
configure:4480: result: yes
configure:4480: checking for string.h
configure:4480: gcc -c -g -O2  conftest.c >&5
configure:4480: $? = 0
configure:4480: result: yes
configure:4480: checking for memory.h
configure:4480: gcc -c -g -O2  conftest.c >&5
configure:4480: $? = 0
configure:4480: result: yes
configure:4480: checking for strings.h
configure:4480: gcc -c -g -O2  conftest.c >&5
configure:4480: $? = 0
configure:4480: result: yes
configure:4480: checking for inttypes.h
configure:4480: gcc -c -g -O2  conftest.c >&5
configure:4480: $? = 0
configure:4480: result: yes
configure:4480: checking for stdint.h
configure:4480: gcc -c -g -O2  conftest.c >&5
configure:4480: $? = 0
configure:4480: result: yes
configure:4480: checking for unistd.h
configure:4480: gcc -c -g -O2  conftest.c >&5
configure:4480: $? = 0
configure:4480: result: yes
configure:4493: checking whether __SUNPRO_C is declared
configure:4493: gcc -c -g -O2  conftest.c >&5
conftest.c: In function 'main':
conftest.c:61: error: '__SUNPRO_C' undeclared (first use in this function)
conftest.c:61: error: (Each undeclared identifier is reported only once
conftest.c:61: error: for each function it appears in.)
configure:4493: $? = 1
configure: failed program was:
| /* confdefs.h */
| #define PACKAGE_NAME "memcached"
| #define PACKAGE_TARNAME "memcached"
| #define PACKAGE_VERSION "1.4.15"
| #define PACKAGE_STRING "memcached 1.4.15"
| #define PACKAGE_BUGREPORT "memcached@googlegroups.com"
| #define PACKAGE_URL ""
| #define PACKAGE "memcached"
| #define VERSION "1.4.15"
| #define STDC_HEADERS 1
| #define HAVE_SYS_TYPES_H 1
| #define HAVE_SYS_STAT_H 1
| #define HAVE_STDLIB_H 1
| #define HAVE_STRING_H 1
| #define HAVE_MEMORY_H 1
| #define HAVE_STRINGS_H 1
| #define HAVE_INTTYPES_H 1
| #define HAVE_STDINT_H 1
| #define HAVE_UNISTD_H 1
| /* end confdefs.h.  */
| #include <stdio.h>
| #ifdef HAVE_SYS_TYPES_H
| # include <sys/types.h>
| #endif
| #ifdef HAVE_SYS_STAT_H
| # include <sys/stat.h>
| #endif
| #ifdef STDC_HEADERS
| # include <stdlib.h>
| # include <stddef.h>
| #else
| # ifdef HAVE_STDLIB_H
| #  include <stdlib.h>
| # endif
| #endif
| #ifdef HAVE_STRING_H
| # if !defined STDC_HEADERS && defined HAVE_MEMORY_H
| #  include <memory.h>
| # endif
| # include <string.h>
| #endif
| #ifdef HAVE_STRINGS_H
| # include <strings.h>
| #endif
| #ifdef HAVE_INTTYPES_H
| # include <inttypes.h>
| #endif
| #ifdef HAVE_STDINT_H
| # include <stdint.h>
| #endif
| #ifdef HAVE_UNISTD_H
| # include <unistd.h>
| #endif
| int
| main ()
| {
| #ifndef __SUNPRO_C
| #ifdef __cplusplus
|   (void) __SUNPRO_C;
| #else
|   (void) __SUNPRO_C;
| #endif
| #endif
| 
|   ;
|   return 0;
| }
configure:4493: result: no
configure:4510: checking for gcc option to accept ISO C99
configure:4659: gcc  -c -g -O2 -pthread  conftest.c >&5
conftest.c:71: error: expected ';', ',' or ')' before 'text'
conftest.c: In function 'main':
conftest.c:125: error: expected '=', ',', ';', 'asm' or '__attribute__' before 'newvar'
conftest.c:125: error: 'newvar' undeclared (first use in this function)
conftest.c:125: error: (Each undeclared identifier is reported only once
conftest.c:125: error: for each function it appears in.)
conftest.c:135: error: 'for' loop initial declarations are only allowed in C99 mode
conftest.c:135: note: use option -std=c99 or -std=gnu99 to compile your code
configure:4659: $? = 1
configure: failed program was:
| /* confdefs.h */
| #define PACKAGE_NAME "memcached"
| #define PACKAGE_TARNAME "memcached"
| #define PACKAGE_VERSION "1.4.15"
| #define PACKAGE_STRING "memcached 1.4.15"
| #define PACKAGE_BUGREPORT "memcached@googlegroups.com"
| #define PACKAGE_URL ""
| #define PACKAGE "memcached"
| #define VERSION "1.4.15"
| #define STDC_HEADERS 1
| #define HAVE_SYS_TYPES_H 1
| #define HAVE_SYS_STAT_H 1
| #define HAVE_STDLIB_H 1
| #define HAVE_STRING_H 1
| #define HAVE_MEMORY_H 1
| #define HAVE_STRINGS_H 1
| #define HAVE_INTTYPES_H 1
| #define HAVE_STDINT_H 1
| #define HAVE_UNISTD_H 1
| /* end confdefs.h.  */
| #include <stdarg.h>
| #include <stdbool.h>
| #include <stdlib.h>
| #include <wchar.h>
| #include <stdio.h>
| 
| // Check varargs macros.  These examples are taken from C99 6.10.3.5.
| #define debug(...) fprintf (stderr, __VA_ARGS__)
| #define showlist(...) puts (#__VA_ARGS__)
| #define report(test,...) ((test) ? puts (#test) : printf (__VA_ARGS__))
| static void
| test_varargs_macros (void)
| {
|   int x = 1234;
|   int y = 5678;
|   debug ("Flag");
|   debug ("X = %d\n", x);
|   showlist (The first, second, and third items.);
|   report (x>y, "x is %d but y is %d", x, y);
| }
| 
| // Check long long types.
| #define BIG64 18446744073709551615ull
| #define BIG32 4294967295ul
| #define BIG_OK (BIG64 / BIG32 == 4294967297ull && BIG64 % BIG32 == 0)
| #if !BIG_OK
|   your preprocessor is broken;
| #endif
| #if BIG_OK
| #else
|   your preprocessor is broken;
| #endif
| static long long int bignum = -9223372036854775807LL;
| static unsigned long long int ubignum = BIG64;
| 
| struct incomplete_array
| {
|   int datasize;
|   double data[];
| };
| 
| struct named_init {
|   int number;
|   const wchar_t *name;
|   double average;
| };
| 
| typedef const char *ccp;
| 
| static inline int
| test_restrict (ccp restrict text)
| {
|   // See if C++-style comments work.
|   // Iterate through items via the restricted pointer.
|   // Also check for declarations in for loops.
|   for (unsigned int i = 0; *(text+i) != '\0'; ++i)
|     continue;
|   return 0;
| }
| 
| // Check varargs and va_copy.
| static void
| test_varargs (const char *format, ...)
| {
|   va_list args;
|   va_start (args, format);
|   va_list args_copy;
|   va_copy (args_copy, args);
| 
|   const char *str;
|   int number;
|   float fnumber;
| 
|   while (*format)
|     {
|       switch (*format++)
| 	{
| 	case 's': // string
| 	  str = va_arg (args_copy, const char *);
| 	  break;
| 	case 'd': // int
| 	  number = va_arg (args_copy, int);
| 	  break;
| 	case 'f': // float
| 	  fnumber = va_arg (args_copy, double);
| 	  break;
| 	default:
| 	  break;
| 	}
|     }
|   va_end (args_copy);
|   va_end (args);
| }
| 
| int
| main ()
| {
| 
|   // Check bool.
|   _Bool success = false;
| 
|   // Check restrict.
|   if (test_restrict ("String literal") == 0)
|     success = true;
|   char *restrict newvar = "Another string";
| 
|   // Check varargs.
|   test_varargs ("s, d' f .", "string", 65, 34.234);
|   test_varargs_macros ();
| 
|   // Check flexible array members.
|   struct incomplete_array *ia =
|     malloc (sizeof (struct incomplete_array) + (sizeof (double) * 10));
|   ia->datasize = 10;
|   for (int i = 0; i < ia->datasize; ++i)
|     ia->data[i] = i * 1.234;
| 
|   // Check named initializers.
|   struct named_init ni = {
|     .number = 34,
|     .name = L"Test wide string",
|     .average = 543.34343,
|   };
| 
|   ni.number = 58;
| 
|   int dynamic_array[ni.number];
|   dynamic_array[ni.number - 1] = 543;
| 
|   // work around unused variable warnings
|   return (!success || bignum == 0LL || ubignum == 0uLL || newvar[0] == 'x'
| 	  || dynamic_array[ni.number - 1] != 543);
| 
|   ;
|   return 0;
| }
configure:4659: gcc -std=gnu99 -c -g -O2 -pthread  conftest.c >&5
configure:4659: $? = 0
configure:4679: result: -std=gnu99
configure:4712: checking sasl/sasl.h usability
configure:4712: gcc -std=gnu99 -c -g -O2 -pthread  conftest.c >&5
conftest.c:54: fatal error: sasl/sasl.h: No such file or directory
compilation terminated.
configure:4712: $? = 1
configure: failed program was:
| /* confdefs.h */
| #define PACKAGE_NAME "memcached"
| #define PACKAGE_TARNAME "memcached"
| #define PACKAGE_VERSION "1.4.15"
| #define PACKAGE_STRING "memcached 1.4.15"
| #define PACKAGE_BUGREPORT "memcached@googlegroups.com"
| #define PACKAGE_URL ""
| #define PACKAGE "memcached"
| #define VERSION "1.4.15"
| #define STDC_HEADERS 1
| #define HAVE_SYS_TYPES_H 1
| #define HAVE_SYS_STAT_H 1
| #define HAVE_STDLIB_H 1
| #define HAVE_STRING_H 1
| #define HAVE_MEMORY_H 1
| #define HAVE_STRINGS_H 1
| #define HAVE_INTTYPES_H 1
| #define HAVE_STDINT_H 1
| #define HAVE_UNISTD_H 1
| /* end confdefs.h.  */
| #include <stdio.h>
| #ifdef HAVE_SYS_TYPES_H
| # include <sys/types.h>
| #endif
| #ifdef HAVE_SYS_STAT_H
| # include <sys/stat.h>
| #endif
| #ifdef STDC_HEADERS
| # include <stdlib.h>
| # include <stddef.h>
| #else
| # ifdef HAVE_STDLIB_H
| #  include <stdlib.h>
| # endif
| #endif
| #ifdef HAVE_STRING_H
| # if !defined STDC_HEADERS && defined HAVE_MEMORY_H
| #  include <memory.h>
| # endif
| # include <string.h>
| #endif
| #ifdef HAVE_STRINGS_H
| # include <strings.h>
| #endif
| #ifdef HAVE_INTTYPES_H
| # include <inttypes.h>
| #endif
| #ifdef HAVE_STDINT_H
| # include <stdint.h>
| #endif
| #ifdef HAVE_UNISTD_H
| # include <unistd.h>
| #endif
| #include <sasl/sasl.h>
configure:4712: result: no
configure:4712: checking sasl/sasl.h presence
configure:4712: gcc -E  conftest.c
conftest.c:21: fatal error: sasl/sasl.h: No such file or directory
compilation terminated.
configure:4712: $? = 1
configure: failed program was:
| /* confdefs.h */
| #define PACKAGE_NAME "memcached"
| #define PACKAGE_TARNAME "memcached"
| #define PACKAGE_VERSION "1.4.15"
| #define PACKAGE_STRING "memcached 1.4.15"
| #define PACKAGE_BUGREPORT "memcached@googlegroups.com"
| #define PACKAGE_URL ""
| #define PACKAGE "memcached"
| #define VERSION "1.4.15"
| #define STDC_HEADERS 1
| #define HAVE_SYS_TYPES_H 1
| #define HAVE_SYS_STAT_H 1
| #define HAVE_STDLIB_H 1
| #define HAVE_STRING_H 1
| #define HAVE_MEMORY_H 1
| #define HAVE_STRINGS_H 1
| #define HAVE_INTTYPES_H 1
| #define HAVE_STDINT_H 1
| #define HAVE_UNISTD_H 1
| /* end confdefs.h.  */
| #include <sasl/sasl.h>
configure:4712: result: no
configure:4712: checking for sasl/sasl.h
configure:4712: result: no
configure:4942: checking for gcov
configure:4960: found /usr/bin/gcov
configure:4973: result: /usr/bin/gcov
configure:4983: checking for main in -lgcov
configure:5002: gcc -std=gnu99 -o conftest -g -O2 -pthread -pthread   conftest.c -lgcov   >&5
configure:5002: $? = 0
configure:5011: result: yes
configure:5122: checking for library containing clock_gettime
configure:5153: gcc -std=gnu99 -o conftest -g -O2 -pthread -pthread   conftest.c  >&5
configure:5153: $? = 0
configure:5170: result: none required
configure:5180: checking for library containing socket
configure:5211: gcc -std=gnu99 -o conftest -g -O2 -pthread -pthread   conftest.c  >&5
configure:5211: $? = 0
configure:5228: result: none required
configure:5236: checking for library containing gethostbyname
configure:5267: gcc -std=gnu99 -o conftest -g -O2 -pthread -pthread   conftest.c  >&5
configure:5267: $? = 0
configure:5284: result: none required
configure:5309: checking for libevent directory
configure:5353: gcc -std=gnu99 -o conftest -g -O2 -pthread -pthread -I/usr/lib/x86_64-linux-gnu  -L/usr/lib/x86_64-linux-gnu  conftest.c -levent  >&5
configure:5353: $? = 0
configure:5389: result: /usr/lib/x86_64-linux-gnu
configure:5408: checking for library containing umem_cache_create
configure:5439: gcc -std=gnu99 -o conftest -g -O2 -pthread -pthread -I/usr/lib/x86_64-linux-gnu  -L/usr/lib/x86_64-linux-gnu  -Wl,-rpath,/usr/lib/x86_64-linux-gnu/lib conftest.c -levent  >&5
/tmp/cco5XuHO.o: In function `main':
/home/zhangchengfei/workspace/ramcube/conftest.c:32: undefined reference to `umem_cache_create'
collect2: ld returned 1 exit status
configure:5439: $? = 1
configure: failed program was:
| /* confdefs.h */
| #define PACKAGE_NAME "memcached"
| #define PACKAGE_TARNAME "memcached"
| #define PACKAGE_VERSION "1.4.15"
| #define PACKAGE_STRING "memcached 1.4.15"
| #define PACKAGE_BUGREPORT "memcached@googlegroups.com"
| #define PACKAGE_URL ""
| #define PACKAGE "memcached"
| #define VERSION "1.4.15"
| #define STDC_HEADERS 1
| #define HAVE_SYS_TYPES_H 1
| #define HAVE_SYS_STAT_H 1
| #define HAVE_STDLIB_H 1
| #define HAVE_STRING_H 1
| #define HAVE_MEMORY_H 1
| #define HAVE_STRINGS_H 1
| #define HAVE_INTTYPES_H 1
| #define HAVE_STDINT_H 1
| #define HAVE_UNISTD_H 1
| /* end confdefs.h.  */
| 
| /* Override any GCC internal prototype to avoid an error.
|    Use char because int might match the return type of a GCC
|    builtin and then its argument prototype would still apply.  */
| #ifdef __cplusplus
| extern "C"
| #endif
| char umem_cache_create ();
| int
| main ()
| {
| return umem_cache_create ();
|   ;
|   return 0;
| }
configure:5439: gcc -std=gnu99 -o conftest -g -O2 -pthread -pthread -I/usr/lib/x86_64-linux-gnu  -L/usr/lib/x86_64-linux-gnu  -Wl,-rpath,/usr/lib/x86_64-linux-gnu/lib conftest.c -lumem  -levent  >&5
/usr/bin/ld: cannot find -lumem
collect2: ld returned 1 exit status
configure:5439: $? = 1
configure: failed program was:
| /* confdefs.h */
| #define PACKAGE_NAME "memcached"
| #define PACKAGE_TARNAME "memcached"
| #define PACKAGE_VERSION "1.4.15"
| #define PACKAGE_STRING "memcached 1.4.15"
| #define PACKAGE_BUGREPORT "memcached@googlegroups.com"
| #define PACKAGE_URL ""
| #define PACKAGE "memcached"
| #define VERSION "1.4.15"
| #define STDC_HEADERS 1
| #define HAVE_SYS_TYPES_H 1
| #define HAVE_SYS_STAT_H 1
| #define HAVE_STDLIB_H 1
| #define HAVE_STRING_H 1
| #define HAVE_MEMORY_H 1
| #define HAVE_STRINGS_H 1
| #define HAVE_INTTYPES_H 1
| #define HAVE_STDINT_H 1
| #define HAVE_UNISTD_H 1
| /* end confdefs.h.  */
| 
| /* Override any GCC internal prototype to avoid an error.
|    Use char because int might match the return type of a GCC
|    builtin and then its argument prototype would still apply.  */
| #ifdef __cplusplus
| extern "C"
| #endif
| char umem_cache_create ();
| int
| main ()
| {
| return umem_cache_create ();
|   ;
|   return 0;
| }
configure:5456: result: no
configure:5464: checking for library containing gethugepagesizes
configure:5495: gcc -std=gnu99 -o conftest -g -O2 -pthread -pthread -I/usr/lib/x86_64-linux-gnu  -L/usr/lib/x86_64-linux-gnu  -Wl,-rpath,/usr/lib/x86_64-linux-gnu/lib conftest.c -levent  >&5
/tmp/ccDQxuBT.o: In function `main':
/home/zhangchengfei/workspace/ramcube/conftest.c:32: undefined reference to `gethugepagesizes'
collect2: ld returned 1 exit status
configure:5495: $? = 1
configure: failed program was:
| /* confdefs.h */
| #define PACKAGE_NAME "memcached"
| #define PACKAGE_TARNAME "memcached"
| #define PACKAGE_VERSION "1.4.15"
| #define PACKAGE_STRING "memcached 1.4.15"
| #define PACKAGE_BUGREPORT "memcached@googlegroups.com"
| #define PACKAGE_URL ""
| #define PACKAGE "memcached"
| #define VERSION "1.4.15"
| #define STDC_HEADERS 1
| #define HAVE_SYS_TYPES_H 1
| #define HAVE_SYS_STAT_H 1
| #define HAVE_STDLIB_H 1
| #define HAVE_STRING_H 1
| #define HAVE_MEMORY_H 1
| #define HAVE_STRINGS_H 1
| #define HAVE_INTTYPES_H 1
| #define HAVE_STDINT_H 1
| #define HAVE_UNISTD_H 1
| /* end confdefs.h.  */
| 
| /* Override any GCC internal prototype to avoid an error.
|    Use char because int might match the return type of a GCC
|    builtin and then its argument prototype would still apply.  */
| #ifdef __cplusplus
| extern "C"
| #endif
| char gethugepagesizes ();
| int
| main ()
| {
| return gethugepagesizes ();
|   ;
|   return 0;
| }
configure:5495: gcc -std=gnu99 -o conftest -g -O2 -pthread -pthread -I/usr/lib/x86_64-linux-gnu  -L/usr/lib/x86_64-linux-gnu  -Wl,-rpath,/usr/lib/x86_64-linux-gnu/lib conftest.c -lhugetlbfs  -levent  >&5
/usr/bin/ld: cannot find -lhugetlbfs
collect2: ld returned 1 exit status
configure:5495: $? = 1
configure: failed program was:
| /* confdefs.h */
| #define PACKAGE_NAME "memcached"
| #define PACKAGE_TARNAME "memcached"
| #define PACKAGE_VERSION "1.4.15"
| #define PACKAGE_STRING "memcached 1.4.15"
| #define PACKAGE_BUGREPORT "memcached@googlegroups.com"
| #define PACKAGE_URL ""
| #define PACKAGE "memcached"
| #define VERSION "1.4.15"
| #define STDC_HEADERS 1
| #define HAVE_SYS_TYPES_H 1
| #define HAVE_SYS_STAT_H 1
| #define HAVE_STDLIB_H 1
| #define HAVE_STRING_H 1
| #define HAVE_MEMORY_H 1
| #define HAVE_STRINGS_H 1
| #define HAVE_INTTYPES_H 1
| #define HAVE_STDINT_H 1
| #define HAVE_UNISTD_H 1
| /* end confdefs.h.  */
| 
| /* Override any GCC internal prototype to avoid an error.
|    Use char because int might match the return type of a GCC
|    builtin and then its argument prototype would still apply.  */
| #ifdef __cplusplus
| extern "C"
| #endif
| char gethugepagesizes ();
| int
| main ()
| {
| return gethugepagesizes ();
|   ;
|   return 0;
| }
configure:5512: result: no
configure:5521: checking for stdbool.h that conforms to C99
configure:5588: gcc -std=gnu99 -c -g -O2 -pthread -pthread -I/usr/lib/x86_64-linux-gnu  conftest.c >&5
configure:5588: $? = 0
configure:5595: result: yes
configure:5597: checking for _Bool
configure:5597: gcc -std=gnu99 -c -g -O2 -pthread -pthread -I/usr/lib/x86_64-linux-gnu  conftest.c >&5
configure:5597: $? = 0
configure:5597: gcc -std=gnu99 -c -g -O2 -pthread -pthread -I/usr/lib/x86_64-linux-gnu  conftest.c >&5
conftest.c: In function 'main':
conftest.c:57: error: expected expression before ')' token
configure:5597: $? = 1
configure: failed program was:
| /* confdefs.h */
| #define PACKAGE_NAME "memcached"
| #define PACKAGE_TARNAME "memcached"
| #define PACKAGE_VERSION "1.4.15"
| #define PACKAGE_STRING "memcached 1.4.15"
| #define PACKAGE_BUGREPORT "memcached@googlegroups.com"
| #define PACKAGE_URL ""
| #define PACKAGE "memcached"
| #define VERSION "1.4.15"
| #define STDC_HEADERS 1
| #define HAVE_SYS_TYPES_H 1
| #define HAVE_SYS_STAT_H 1
| #define HAVE_STDLIB_H 1
| #define HAVE_STRING_H 1
| #define HAVE_MEMORY_H 1
| #define HAVE_STRINGS_H 1
| #define HAVE_INTTYPES_H 1
| #define HAVE_STDINT_H 1
| #define HAVE_UNISTD_H 1
| /* end confdefs.h.  */
| #include <stdio.h>
| #ifdef HAVE_SYS_TYPES_H
| # include <sys/types.h>
| #endif
| #ifdef HAVE_SYS_STAT_H
| # include <sys/stat.h>
| #endif
| #ifdef STDC_HEADERS
| # include <stdlib.h>
| # include <stddef.h>
| #else
| # ifdef HAVE_STDLIB_H
| #  include <stdlib.h>
| # endif
| #endif
| #ifdef HAVE_STRING_H
| # if !defined STDC_HEADERS && defined HAVE_MEMORY_H
| #  include <memory.h>
| # endif
| # include <string.h>
| #endif
| #ifdef HAVE_STRINGS_H
| # include <strings.h>
| #endif
| #ifdef HAVE_INTTYPES_H
| # include <inttypes.h>
| #endif
| #ifdef HAVE_STDINT_H
| # include <stdint.h>
| #endif
| #ifdef HAVE_UNISTD_H
| # include <unistd.h>
| #endif
| int
| main ()
| {
| if (sizeof ((_Bool)))
| 	    return 0;
|   ;
|   return 0;
| }
configure:5597: result: yes
configure:5618: checking for inttypes.h
configure:5618: result: yes
configure:5633: checking for sasl_callback_ft
configure:5657: gcc -std=gnu99 -c -g -O2 -pthread -pthread -I/usr/lib/x86_64-linux-gnu  conftest.c >&5
conftest.c: In function 'main':
conftest.c:34: error: 'sasl_callback_ft' undeclared (first use in this function)
conftest.c:34: error: (Each undeclared identifier is reported only once
conftest.c:34: error: for each function it appears in.)
conftest.c:34: error: expected ';' before 'a_callback'
configure:5657: $? = 1
configure: failed program was:
| /* confdefs.h */
| #define PACKAGE_NAME "memcached"
| #define PACKAGE_TARNAME "memcached"
| #define PACKAGE_VERSION "1.4.15"
| #define PACKAGE_STRING "memcached 1.4.15"
| #define PACKAGE_BUGREPORT "memcached@googlegroups.com"
| #define PACKAGE_URL ""
| #define PACKAGE "memcached"
| #define VERSION "1.4.15"
| #define STDC_HEADERS 1
| #define HAVE_SYS_TYPES_H 1
| #define HAVE_SYS_STAT_H 1
| #define HAVE_STDLIB_H 1
| #define HAVE_STRING_H 1
| #define HAVE_MEMORY_H 1
| #define HAVE_STRINGS_H 1
| #define HAVE_INTTYPES_H 1
| #define HAVE_STDINT_H 1
| #define HAVE_UNISTD_H 1
| #define HAVE__BOOL 1
| #define HAVE_STDBOOL_H 1
| #define HAVE_INTTYPES_H 1
| /* end confdefs.h.  */
| 
|     #ifdef HAVE_SASL_SASL_H
|     #include <sasl/sasl.h>
|     #include <sasl/saslplug.h>
|     #endif
| 
| int
| main ()
| {
| 
|     sasl_callback_ft a_callback;
| 
|   ;
|   return 0;
| }
configure:5669: result: no
configure:5681: checking for print macros for integers (C99 section 7.8.1)
configure:5705: gcc -std=gnu99 -c -g -O2 -pthread -pthread -I/usr/lib/x86_64-linux-gnu  conftest.c >&5
configure:5705: $? = 0
configure:5713: result: yes
configure:5729: checking for an ANSI C-conforming const
configure:5795: gcc -std=gnu99 -c -g -O2 -pthread -pthread -I/usr/lib/x86_64-linux-gnu  conftest.c >&5
configure:5795: $? = 0
configure:5802: result: yes
configure:5813: checking for socklen_t
configure:5835: gcc -std=gnu99 -c -g -O2 -pthread -pthread -I/usr/lib/x86_64-linux-gnu  conftest.c >&5
configure:5835: $? = 0
configure:5847: result: yes
configure:5858: checking for endianness
configure:5885: gcc -std=gnu99 -o conftest -g -O2 -pthread -pthread -I/usr/lib/x86_64-linux-gnu  -L/usr/lib/x86_64-linux-gnu  -Wl,-rpath,/usr/lib/x86_64-linux-gnu/lib conftest.c -levent  >&5
conftest.c: In function 'main':
conftest.c:30: warning: implicit declaration of function 'exit'
conftest.c:30: warning: incompatible implicit declaration of built-in function 'exit'
configure:5885: $? = 0
configure:5885: ./conftest
configure:5885: $? = 1
configure: program exited with status 1
configure: failed program was:
| /* confdefs.h */
| #define PACKAGE_NAME "memcached"
| #define PACKAGE_TARNAME "memcached"
| #define PACKAGE_VERSION "1.4.15"
| #define PACKAGE_STRING "memcached 1.4.15"
| #define PACKAGE_BUGREPORT "memcached@googlegroups.com"
| #define PACKAGE_URL ""
| #define PACKAGE "memcached"
| #define VERSION "1.4.15"
| #define STDC_HEADERS 1
| #define HAVE_SYS_TYPES_H 1
| #define HAVE_SYS_STAT_H 1
| #define HAVE_STDLIB_H 1
| #define HAVE_STRING_H 1
| #define HAVE_MEMORY_H 1
| #define HAVE_STRINGS_H 1
| #define HAVE_INTTYPES_H 1
| #define HAVE_STDINT_H 1
| #define HAVE_UNISTD_H 1
| #define HAVE__BOOL 1
| #define HAVE_STDBOOL_H 1
| #define HAVE_INTTYPES_H 1
| /* end confdefs.h.  */
| 
| int
| main ()
| {
|         long val = 1;
|         char *c = (char *) &val;
|         exit(*c == 1);
| 
|   ;
|   return 0;
| }
| 
configure:5900: result: little
configure:5917: checking for htonll
configure:5939: gcc -std=gnu99 -o conftest -g -O2 -pthread -pthread -I/usr/lib/x86_64-linux-gnu  -L/usr/lib/x86_64-linux-gnu  -Wl,-rpath,/usr/lib/x86_64-linux-gnu/lib conftest.c -levent  >&5
conftest.c:29: warning: extra tokens at end of #include directive
conftest.c: In function 'main':
conftest.c:36: warning: implicit declaration of function 'htonll'
/tmp/ccEQgvge.o: In function `main':
/home/zhangchengfei/workspace/ramcube/conftest.c:36: undefined reference to `htonll'
collect2: ld returned 1 exit status
configure:5939: $? = 1
configure: failed program was:
| /* confdefs.h */
| #define PACKAGE_NAME "memcached"
| #define PACKAGE_TARNAME "memcached"
| #define PACKAGE_VERSION "1.4.15"
| #define PACKAGE_STRING "memcached 1.4.15"
| #define PACKAGE_BUGREPORT "memcached@googlegroups.com"
| #define PACKAGE_URL ""
| #define PACKAGE "memcached"
| #define VERSION "1.4.15"
| #define STDC_HEADERS 1
| #define HAVE_SYS_TYPES_H 1
| #define HAVE_SYS_STAT_H 1
| #define HAVE_STDLIB_H 1
| #define HAVE_STRING_H 1
| #define HAVE_MEMORY_H 1
| #define HAVE_STRINGS_H 1
| #define HAVE_INTTYPES_H 1
| #define HAVE_STDINT_H 1
| #define HAVE_UNISTD_H 1
| #define HAVE__BOOL 1
| #define HAVE_STDBOOL_H 1
| #define HAVE_INTTYPES_H 1
| #define ENDIAN_LITTLE 1
| /* end confdefs.h.  */
| 
| #include <sys/types.h>
| #include <netinet/in.h>
| #ifdef HAVE_INTTYPES_H
| #include <inttypes.h> */
| #endif
| 
| int
| main ()
| {
| 
|           return htonll(0);
| 
|   ;
|   return 0;
| }
configure:5954: result: no
configure:5958: checking for library containing pthread_create
configure:5989: gcc -std=gnu99 -o conftest -g -O2 -pthread -pthread -I/usr/lib/x86_64-linux-gnu  -L/usr/lib/x86_64-linux-gnu  -Wl,-rpath,/usr/lib/x86_64-linux-gnu/lib conftest.c -levent  >&5
configure:5989: $? = 0
configure:6006: result: none required
configure:6020: checking for mlockall
configure:6020: gcc -std=gnu99 -o conftest -g -O2 -pthread -pthread -I/usr/lib/x86_64-linux-gnu  -L/usr/lib/x86_64-linux-gnu  -Wl,-rpath,/usr/lib/x86_64-linux-gnu/lib conftest.c -levent  >&5
configure:6020: $? = 0
configure:6020: result: yes
configure:6031: checking for getpagesizes
configure:6031: gcc -std=gnu99 -o conftest -g -O2 -pthread -pthread -I/usr/lib/x86_64-linux-gnu  -L/usr/lib/x86_64-linux-gnu  -Wl,-rpath,/usr/lib/x86_64-linux-gnu/lib conftest.c -levent  >&5
/tmp/cce1WXym.o: In function `main':
/home/zhangchengfei/workspace/ramcube/conftest.c:60: undefined reference to `getpagesizes'
collect2: ld returned 1 exit status
configure:6031: $? = 1
configure: failed program was:
| /* confdefs.h */
| #define PACKAGE_NAME "memcached"
| #define PACKAGE_TARNAME "memcached"
| #define PACKAGE_VERSION "1.4.15"
| #define PACKAGE_STRING "memcached 1.4.15"
| #define PACKAGE_BUGREPORT "memcached@googlegroups.com"
| #define PACKAGE_URL ""
| #define PACKAGE "memcached"
| #define VERSION "1.4.15"
| #define STDC_HEADERS 1
| #define HAVE_SYS_TYPES_H 1
| #define HAVE_SYS_STAT_H 1
| #define HAVE_STDLIB_H 1
| #define HAVE_STRING_H 1
| #define HAVE_MEMORY_H 1
| #define HAVE_STRINGS_H 1
| #define HAVE_INTTYPES_H 1
| #define HAVE_STDINT_H 1
| #define HAVE_UNISTD_H 1
| #define HAVE__BOOL 1
| #define HAVE_STDBOOL_H 1
| #define HAVE_INTTYPES_H 1
| #define ENDIAN_LITTLE 1
| #define HAVE_MLOCKALL 1
| /* end confdefs.h.  */
| /* Define getpagesizes to an innocuous variant, in case <limits.h> declares getpagesizes.
|    For example, HP-UX 11i <limits.h> declares gettimeofday.  */
| #define getpagesizes innocuous_getpagesizes
| 
| /* System header to define __stub macros and hopefully few prototypes,
|     which can conflict with char getpagesizes (); below.
|     Prefer <limits.h> to <assert.h> if __STDC__ is defined, since
|     <limits.h> exists even on freestanding compilers.  */
| 
| #ifdef __STDC__
| # include <limits.h>
| #else
| # include <assert.h>
| #endif
| 
| #undef getpagesizes
| 
| /* Override any GCC internal prototype to avoid an error.
|    Use char because int might match the return type of a GCC
|    builtin and then its argument prototype would still apply.  */
| #ifdef __cplusplus
| extern "C"
| #endif
| char getpagesizes ();
| /* The GNU C library defines this for functions which it implements
|     to always fail with ENOSYS.  Some functions are actually named
|     something starting with __ and the normal name is an alias.  */
| #if defined __stub_getpagesizes || defined __stub___getpagesizes
| choke me
| #endif
| 
| int
| main ()
| {
| return getpagesizes ();
|   ;
|   return 0;
| }
configure:6031: result: no
configure:6042: checking for memcntl
configure:6042: gcc -std=gnu99 -o conftest -g -O2 -pthread -pthread -I/usr/lib/x86_64-linux-gnu  -L/usr/lib/x86_64-linux-gnu  -Wl,-rpath,/usr/lib/x86_64-linux-gnu/lib conftest.c -levent  >&5
/tmp/ccfJWHds.o: In function `main':
/home/zhangchengfei/workspace/ramcube/conftest.c:60: undefined reference to `memcntl'
collect2: ld returned 1 exit status
configure:6042: $? = 1
configure: failed program was:
| /* confdefs.h */
| #define PACKAGE_NAME "memcached"
| #define PACKAGE_TARNAME "memcached"
| #define PACKAGE_VERSION "1.4.15"
| #define PACKAGE_STRING "memcached 1.4.15"
| #define PACKAGE_BUGREPORT "memcached@googlegroups.com"
| #define PACKAGE_URL ""
| #define PACKAGE "memcached"
| #define VERSION "1.4.15"
| #define STDC_HEADERS 1
| #define HAVE_SYS_TYPES_H 1
| #define HAVE_SYS_STAT_H 1
| #define HAVE_STDLIB_H 1
| #define HAVE_STRING_H 1
| #define HAVE_MEMORY_H 1
| #define HAVE_STRINGS_H 1
| #define HAVE_INTTYPES_H 1
| #define HAVE_STDINT_H 1
| #define HAVE_UNISTD_H 1
| #define HAVE__BOOL 1
| #define HAVE_STDBOOL_H 1
| #define HAVE_INTTYPES_H 1
| #define ENDIAN_LITTLE 1
| #define HAVE_MLOCKALL 1
| /* end confdefs.h.  */
| /* Define memcntl to an innocuous variant, in case <limits.h> declares memcntl.
|    For example, HP-UX 11i <limits.h> declares gettimeofday.  */
| #define memcntl innocuous_memcntl
| 
| /* System header to define __stub macros and hopefully few prototypes,
|     which can conflict with char memcntl (); below.
|     Prefer <limits.h> to <assert.h> if __STDC__ is defined, since
|     <limits.h> exists even on freestanding compilers.  */
| 
| #ifdef __STDC__
| # include <limits.h>
| #else
| # include <assert.h>
| #endif
| 
| #undef memcntl
| 
| /* Override any GCC internal prototype to avoid an error.
|    Use char because int might match the return type of a GCC
|    builtin and then its argument prototype would still apply.  */
| #ifdef __cplusplus
| extern "C"
| #endif
| char memcntl ();
| /* The GNU C library defines this for functions which it implements
|     to always fail with ENOSYS.  Some functions are actually named
|     something starting with __ and the normal name is an alias.  */
| #if defined __stub_memcntl || defined __stub___memcntl
| choke me
| #endif
| 
| int
| main ()
| {
| return memcntl ();
|   ;
|   return 0;
| }
configure:6042: result: no
configure:6053: checking for sigignore
configure:6053: gcc -std=gnu99 -o conftest -g -O2 -pthread -pthread -I/usr/lib/x86_64-linux-gnu  -L/usr/lib/x86_64-linux-gnu  -Wl,-rpath,/usr/lib/x86_64-linux-gnu/lib conftest.c -levent  >&5
configure:6053: $? = 0
configure:6053: result: yes
configure:6064: checking for clock_gettime
configure:6064: gcc -std=gnu99 -o conftest -g -O2 -pthread -pthread -I/usr/lib/x86_64-linux-gnu  -L/usr/lib/x86_64-linux-gnu  -Wl,-rpath,/usr/lib/x86_64-linux-gnu/lib conftest.c -levent  >&5
configure:6064: $? = 0
configure:6064: result: yes
configure:6076: checking for alignment
configure:6113: gcc -std=gnu99 -o conftest -g -O2 -pthread -pthread -I/usr/lib/x86_64-linux-gnu  -L/usr/lib/x86_64-linux-gnu  -Wl,-rpath,/usr/lib/x86_64-linux-gnu/lib conftest.c -levent  >&5
conftest.c: In function 'main':
conftest.c:45: warning: comparison between pointer and integer
configure:6113: $? = 0
configure:6113: ./conftest
configure:6113: $? = 1
configure: program exited with status 1
configure: failed program was:
| /* confdefs.h */
| #define PACKAGE_NAME "memcached"
| #define PACKAGE_TARNAME "memcached"
| #define PACKAGE_VERSION "1.4.15"
| #define PACKAGE_STRING "memcached 1.4.15"
| #define PACKAGE_BUGREPORT "memcached@googlegroups.com"
| #define PACKAGE_URL ""
| #define PACKAGE "memcached"
| #define VERSION "1.4.15"
| #define STDC_HEADERS 1
| #define HAVE_SYS_TYPES_H 1
| #define HAVE_SYS_STAT_H 1
| #define HAVE_STDLIB_H 1
| #define HAVE_STRING_H 1
| #define HAVE_MEMORY_H 1
| #define HAVE_STRINGS_H 1
| #define HAVE_INTTYPES_H 1
| #define HAVE_STDINT_H 1
| #define HAVE_UNISTD_H 1
| #define HAVE__BOOL 1
| #define HAVE_STDBOOL_H 1
| #define HAVE_INTTYPES_H 1
| #define ENDIAN_LITTLE 1
| #define HAVE_MLOCKALL 1
| #define HAVE_SIGIGNORE 1
| #define HAVE_CLOCK_GETTIME 1
| /* end confdefs.h.  */
| 
| #include <stdlib.h>
| #include <inttypes.h>
| 
| int
| main ()
| {
| 
|        char *buf = malloc(32);
| 
|        uint64_t *ptr = (uint64_t*)(buf+2);
|        // catch sigbus, etc.
|        *ptr = 0x1;
| 
|        // catch unaligned word access (ARM cpus)
|        *buf =  1; *(buf +1) = 2; *(buf + 2) = 2; *(buf + 3) = 3; *(buf + 4) = 4;
|        int* i = (int*)(buf+1);
|        return (84148994 == i) ? 0 : 1;
| 
|   ;
|   return 0;
| }
| 
configure:6128: result: need
configure:6138: checking for GCC atomics
configure:6156: gcc -std=gnu99 -o conftest -g -O2 -pthread -pthread -I/usr/lib/x86_64-linux-gnu  -L/usr/lib/x86_64-linux-gnu  -Wl,-rpath,/usr/lib/x86_64-linux-gnu/lib conftest.c -levent  >&5
configure:6156: $? = 0
configure:6164: result: yes
configure:6169: checking for setppriv
configure:6169: gcc -std=gnu99 -o conftest -g -O2 -pthread -pthread -I/usr/lib/x86_64-linux-gnu  -L/usr/lib/x86_64-linux-gnu  -Wl,-rpath,/usr/lib/x86_64-linux-gnu/lib conftest.c -levent  >&5
/tmp/ccNFFFIE.o: In function `main':
/home/zhangchengfei/workspace/ramcube/conftest.c:64: undefined reference to `setppriv'
collect2: ld returned 1 exit status
configure:6169: $? = 1
configure: failed program was:
| /* confdefs.h */
| #define PACKAGE_NAME "memcached"
| #define PACKAGE_TARNAME "memcached"
| #define PACKAGE_VERSION "1.4.15"
| #define PACKAGE_STRING "memcached 1.4.15"
| #define PACKAGE_BUGREPORT "memcached@googlegroups.com"
| #define PACKAGE_URL ""
| #define PACKAGE "memcached"
| #define VERSION "1.4.15"
| #define STDC_HEADERS 1
| #define HAVE_SYS_TYPES_H 1
| #define HAVE_SYS_STAT_H 1
| #define HAVE_STDLIB_H 1
| #define HAVE_STRING_H 1
| #define HAVE_MEMORY_H 1
| #define HAVE_STRINGS_H 1
| #define HAVE_INTTYPES_H 1
| #define HAVE_STDINT_H 1
| #define HAVE_UNISTD_H 1
| #define HAVE__BOOL 1
| #define HAVE_STDBOOL_H 1
| #define HAVE_INTTYPES_H 1
| #define ENDIAN_LITTLE 1
| #define HAVE_MLOCKALL 1
| #define HAVE_SIGIGNORE 1
| #define HAVE_CLOCK_GETTIME 1
| #define NEED_ALIGN 1
| #define HAVE_GCC_ATOMICS 1
| /* end confdefs.h.  */
| /* Define setppriv to an innocuous variant, in case <limits.h> declares setppriv.
|    For example, HP-UX 11i <limits.h> declares gettimeofday.  */
| #define setppriv innocuous_setppriv
| 
| /* System header to define __stub macros and hopefully few prototypes,
|     which can conflict with char setppriv (); below.
|     Prefer <limits.h> to <assert.h> if __STDC__ is defined, since
|     <limits.h> exists even on freestanding compilers.  */
| 
| #ifdef __STDC__
| # include <limits.h>
| #else
| # include <assert.h>
| #endif
| 
| #undef setppriv
| 
| /* Override any GCC internal prototype to avoid an error.
|    Use char because int might match the return type of a GCC
|    builtin and then its argument prototype would still apply.  */
| #ifdef __cplusplus
| extern "C"
| #endif
| char setppriv ();
| /* The GNU C library defines this for functions which it implements
|     to always fail with ENOSYS.  Some functions are actually named
|     something starting with __ and the normal name is an alias.  */
| #if defined __stub_setppriv || defined __stub___setppriv
| choke me
| #endif
| 
| int
| main ()
| {
| return setppriv ();
|   ;
|   return 0;
| }
configure:6169: result: no
configure:6200: checking umem.h usability
configure:6200: gcc -std=gnu99 -c -g -O2 -pthread -pthread -I/usr/lib/x86_64-linux-gnu  conftest.c >&5
conftest.c:63: fatal error: umem.h: No such file or directory
compilation terminated.
configure:6200: $? = 1
configure: failed program was:
| /* confdefs.h */
| #define PACKAGE_NAME "memcached"
| #define PACKAGE_TARNAME "memcached"
| #define PACKAGE_VERSION "1.4.15"
| #define PACKAGE_STRING "memcached 1.4.15"
| #define PACKAGE_BUGREPORT "memcached@googlegroups.com"
| #define PACKAGE_URL ""
| #define PACKAGE "memcached"
| #define VERSION "1.4.15"
| #define STDC_HEADERS 1
| #define HAVE_SYS_TYPES_H 1
| #define HAVE_SYS_STAT_H 1
| #define HAVE_STDLIB_H 1
| #define HAVE_STRING_H 1
| #define HAVE_MEMORY_H 1
| #define HAVE_STRINGS_H 1
| #define HAVE_INTTYPES_H 1
| #define HAVE_STDINT_H 1
| #define HAVE_UNISTD_H 1
| #define HAVE__BOOL 1
| #define HAVE_STDBOOL_H 1
| #define HAVE_INTTYPES_H 1
| #define ENDIAN_LITTLE 1
| #define HAVE_MLOCKALL 1
| #define HAVE_SIGIGNORE 1
| #define HAVE_CLOCK_GETTIME 1
| #define NEED_ALIGN 1
| #define HAVE_GCC_ATOMICS 1
| /* end confdefs.h.  */
| #include <stdio.h>
| #ifdef HAVE_SYS_TYPES_H
| # include <sys/types.h>
| #endif
| #ifdef HAVE_SYS_STAT_H
| # include <sys/stat.h>
| #endif
| #ifdef STDC_HEADERS
| # include <stdlib.h>
| # include <stddef.h>
| #else
| # ifdef HAVE_STDLIB_H
| #  include <stdlib.h>
| # endif
| #endif
| #ifdef HAVE_STRING_H
| # if !defined STDC_HEADERS && defined HAVE_MEMORY_H
| #  include <memory.h>
| # endif
| # include <string.h>
| #endif
| #ifdef HAVE_STRINGS_H
| # include <strings.h>
| #endif
| #ifdef HAVE_INTTYPES_H
| # include <inttypes.h>
| #endif
| #ifdef HAVE_STDINT_H
| # include <stdint.h>
| #endif
| #ifdef HAVE_UNISTD_H
| # include <unistd.h>
| #endif
| #include <umem.h>
configure:6200: result: no
configure:6200: checking umem.h presence
configure:6200: gcc -E -I/usr/lib/x86_64-linux-gnu  conftest.c
conftest.c:30: fatal error: umem.h: No such file or directory
compilation terminated.
configure:6200: $? = 1
configure: failed program was:
| /* confdefs.h */
| #define PACKAGE_NAME "memcached"
| #define PACKAGE_TARNAME "memcached"
| #define PACKAGE_VERSION "1.4.15"
| #define PACKAGE_STRING "memcached 1.4.15"
| #define PACKAGE_BUGREPORT "memcached@googlegroups.com"
| #define PACKAGE_URL ""
| #define PACKAGE "memcached"
| #define VERSION "1.4.15"
| #define STDC_HEADERS 1
| #define HAVE_SYS_TYPES_H 1
| #define HAVE_SYS_STAT_H 1
| #define HAVE_STDLIB_H 1
| #define HAVE_STRING_H 1
| #define HAVE_MEMORY_H 1
| #define HAVE_STRINGS_H 1
| #define HAVE_INTTYPES_H 1
| #define HAVE_STDINT_H 1
| #define HAVE_UNISTD_H 1
| #define HAVE__BOOL 1
| #define HAVE_STDBOOL_H 1
| #define HAVE_INTTYPES_H 1
| #define ENDIAN_LITTLE 1
| #define HAVE_MLOCKALL 1
| #define HAVE_SIGIGNORE 1
| #define HAVE_CLOCK_GETTIME 1
| #define NEED_ALIGN 1
| #define HAVE_GCC_ATOMICS 1
| /* end confdefs.h.  */
| #include <umem.h>
configure:6200: result: no
configure:6200: checking for umem.h
configure:6200: result: no
configure:6231: checking for xml2rfc
configure:6262: result: no
configure:6272: checking for xsltproc
configure:6303: result: no
configure:6455: checking that generated files are newer than configure
configure:6461: result: done
configure:6508: creating ./config.status

## ---------------------- ##
## Running config.status. ##
## ---------------------- ##

This file was extended by memcached config.status 1.4.15, which was
generated by GNU Autoconf 2.69.  Invocation command line was

  CONFIG_FILES    = 
  CONFIG_HEADERS  = 
  CONFIG_LINKS    = 
  CONFIG_COMMANDS = 
  $ ./config.status 

on Master

config.status:895: creating Makefile
config.status:895: creating doc/Makefile
config.status:895: creating config.h
config.status:1076: config.h is unchanged
config.status:1124: executing depfiles commands

## ---------------- ##
## Cache variables. ##
## ---------------- ##

ac_cv_build=x86_64-unknown-linux-gnu
ac_cv_c_alignment=need
ac_cv_c_compiler_gnu=yes
ac_cv_c_const=yes
ac_cv_c_endian=little
ac_cv_c_socklen_t=yes
ac_cv_c_uint64_support=yes
ac_cv_env_CC_set=
ac_cv_env_CC_value=
ac_cv_env_CFLAGS_set=
ac_cv_env_CFLAGS_value=
ac_cv_env_CPPFLAGS_set=
ac_cv_env_CPPFLAGS_value=
ac_cv_env_CPP_set=
ac_cv_env_CPP_value=
ac_cv_env_LDFLAGS_set=
ac_cv_env_LDFLAGS_value=
ac_cv_env_LIBS_set=
ac_cv_env_LIBS_value=
ac_cv_env_build_alias_set=
ac_cv_env_build_alias_value=
ac_cv_env_host_alias_set=
ac_cv_env_host_alias_value=
ac_cv_env_target_alias_set=
ac_cv_env_target_alias_value=
ac_cv_func_clock_gettime=yes
ac_cv_func_getpagesizes=no
ac_cv_func_memcntl=no
ac_cv_func_mlockall=yes
ac_cv_func_setppriv=no
ac_cv_func_sigignore=yes
ac_cv_has_sasl_callback_ft=no
ac_cv_have_decl___SUNPRO_C=no
ac_cv_header_inttypes_h=yes
ac_cv_header_memory_h=yes
ac_cv_header_sasl_sasl_h=no
ac_cv_header_stdbool_h=yes
ac_cv_header_stdc=yes
ac_cv_header_stdint_h=yes
ac_cv_header_stdlib_h=yes
ac_cv_header_string_h=yes
ac_cv_header_strings_h=yes
ac_cv_header_sys_stat_h=yes
ac_cv_header_sys_types_h=yes
ac_cv_header_umem_h=no
ac_cv_header_unistd_h=yes
ac_cv_host=x86_64-unknown-linux-gnu
ac_cv_lib_gcov_main=yes
ac_cv_libevent_dir=/usr/lib/x86_64-linux-gnu
ac_cv_objext=o
ac_cv_path_EGREP='/bin/grep -E'
ac_cv_path_GREP=/bin/grep
ac_cv_path_PROFILER=/usr/bin/gcov
ac_cv_path_XML2RFC=no
ac_cv_path_XSLTPROC=no
ac_cv_path_install='/usr/bin/install -c'
ac_cv_path_mkdir=/bin/mkdir
ac_cv_prog_AWK=gawk
ac_cv_prog_CPP='gcc -E'
ac_cv_prog_ac_ct_CC=gcc
ac_cv_prog_cc_c89=
ac_cv_prog_cc_c99=-std=gnu99
ac_cv_prog_cc_g=yes
ac_cv_prog_make_make_set=yes
ac_cv_search_clock_gettime='none required'
ac_cv_search_gethostbyname='none required'
ac_cv_search_gethugepagesizes=no
ac_cv_search_pthread_create='none required'
ac_cv_search_socket='none required'
ac_cv_search_umem_cache_create=no
ac_cv_target=x86_64-unknown-linux-gnu
ac_cv_type__Bool=yes
am_cv_CC_dependencies_compiler_type=gcc3
am_cv_make_support_nested_variables=yes
am_cv_prog_cc_c_o=yes

## ----------------- ##
## Output variables. ##
## ----------------- ##

ACLOCAL='aclocal-1.14'
AMDEPBACKSLASH='\'
AMDEP_FALSE='#'
AMDEP_TRUE=''
AMTAR='$${TAR-tar}'
AM_BACKSLASH='\'
AM_DEFAULT_V='$(AM_DEFAULT_VERBOSITY)'
AM_DEFAULT_VERBOSITY='1'
AM_V='$(V)'
AUTOCONF='autoconf'
AUTOHEADER='autoheader'
AUTOMAKE='automake-1.14'
AWK='gawk'
BUILD_CACHE_FALSE='#'
BUILD_CACHE_TRUE=''
BUILD_DTRACE_FALSE=''
BUILD_DTRACE_TRUE='#'
BUILD_SOLARIS_PRIVS_FALSE=''
BUILD_SOLARIS_PRIVS_TRUE='#'
BUILD_SPECIFICATIONS_FALSE=''
BUILD_SPECIFICATIONS_TRUE='#'
CC='gcc -std=gnu99'
CCDEPMODE='depmode=gcc3'
CFLAGS='-g -O2 -pthread -pthread -Wall -Werror -pedantic -Wmissing-prototypes -Wmissing-declarations -Wredundant-decls -fno-strict-aliasing'
CPP='gcc -E'
CPPFLAGS='-I/usr/lib/x86_64-linux-gnu '
CYGPATH_W='echo'
DEFS='-DHAVE_CONFIG_H'
DEPDIR='.deps'
DTRACE=''
DTRACEFLAGS=''
DTRACE_INSTRUMENT_OBJ_FALSE=''
DTRACE_INSTRUMENT_OBJ_TRUE='#'
ECHO_C=''
ECHO_N='-n'
ECHO_T=''
EGREP='/bin/grep -E'
ENABLE_SASL=''
ENABLE_SASL_FALSE=''
ENABLE_SASL_TRUE='#'
EXEEXT=''
GREP='/bin/grep'
INSTALL_DATA='${INSTALL} -m 644'
INSTALL_PROGRAM='${INSTALL}'
INSTALL_SCRIPT='${INSTALL}'
INSTALL_STRIP_PROGRAM='$(install_sh) -c -s'
LDFLAGS='-L/usr/lib/x86_64-linux-gnu  -Wl,-rpath,/usr/lib/x86_64-linux-gnu/lib'
LIBOBJS=''
LIBS='-levent '
LTLIBOBJS=''
MAKEINFO='makeinfo'
MKDIR_P='/bin/mkdir -p'
OBJEXT='o'
PACKAGE='memcached'
PACKAGE_BUGREPORT='memcached@googlegroups.com'
PACKAGE_NAME='memcached'
PACKAGE_STRING='memcached 1.4.15'
PACKAGE_TARNAME='memcached'
PACKAGE_URL=''
PACKAGE_VERSION='1.4.15'
PATH_SEPARATOR=':'
PROFILER='/usr/bin/gcov'
PROFILER_FLAGS='-fprofile-arcs -ftest-coverage'
PROFILER_LDFLAGS='-lgcov'
SET_MAKE=''
SHELL='/bin/bash'
STRIP=''
VERSION='1.4.15'
XML2RFC='no'
XSLTPROC='no'
ac_ct_CC='gcc'
am__EXEEXT_FALSE=''
am__EXEEXT_TRUE='#'
am__fastdepCC_FALSE='#'
am__fastdepCC_TRUE=''
am__include='include'
am__isrc=''
am__leading_dot='.'
am__nodep='_no'
am__quote=''
am__tar='$${TAR-tar} chof - "$$tardir"'
am__untar='$${TAR-tar} xf -'
bindir='${exec_prefix}/bin'
build='x86_64-unknown-linux-gnu'
build_alias=''
build_cpu='x86_64'
build_os='linux-gnu'
build_vendor='unknown'
datadir='${datarootdir}'
datarootdir='${prefix}/share'
docdir='${datarootdir}/doc/${PACKAGE_TARNAME}'
dvidir='${docdir}'
exec_prefix='${prefix}'
host='x86_64-unknown-linux-gnu'
host_alias=''
host_cpu='x86_64'
host_os='linux-gnu'
host_vendor='unknown'
htmldir='${docdir}'
includedir='${prefix}/include'
infodir='${datarootdir}/info'
install_sh='${SHELL} /home/zhangchengfei/workspace/ramcube/install-sh'
libdir='${exec_prefix}/lib'
libexecdir='${exec_prefix}/libexec'
localedir='${datarootdir}/locale'
localstatedir='${prefix}/var'
mandir='${datarootdir}/man'
mkdir_p='$(MKDIR_P)'
oldincludedir='/usr/include'
pdfdir='${docdir}'
prefix='/opt'
program_transform_name='s,x,x,'
psdir='${docdir}'
sbindir='${exec_prefix}/sbin'
sharedstatedir='${prefix}/com'
sysconfdir='${prefix}/etc'
target='x86_64-unknown-linux-gnu'
target_alias=''
target_cpu='x86_64'
target_os='linux-gnu'
target_vendor='unknown'

## ----------- ##
## confdefs.h. ##
## ----------- ##

/* confdefs.h */
#define PACKAGE_NAME "memcached"
#define PACKAGE_TARNAME "memcached"
#define PACKAGE_VERSION "1.4.15"
#define PACKAGE_STRING "memcached 1.4.15"
#define PACKAGE_BUGREPORT "memcached@googlegroups.com"
#define PACKAGE_URL ""
#define PACKAGE "memcached"
#define VERSION "1.4.15"
#define STDC_HEADERS 1
#define HAVE_SYS_TYPES_H 1
#define HAVE_SYS_STAT_H 1
#define HAVE_STDLIB_H 1
#define HAVE_STRING_H 1
#define HAVE_MEMORY_H 1
#define HAVE_STRINGS_H 1
#define HAVE_INTTYPES_H 1
#define HAVE_STDINT_H 1
#define HAVE_UNISTD_H 1
#define HAVE__BOOL 1
#define HAVE_STDBOOL_H 1
#define HAVE_INTTYPES_H 1
#define ENDIAN_LITTLE 1
#define HAVE_MLOCKALL 1
#define HAVE_SIGIGNORE 1
#define HAVE_CLOCK_GETTIME 1
#define NEED_ALIGN 1
#define HAVE_GCC_ATOMICS 1
#define _GNU_SOURCE 1

configure: exit 0

## ---------------------- ##
## Running config.status. ##
## ---------------------- ##

This file was extended by memcached config.status 1.4.15, which was
generated by GNU Autoconf 2.69.  Invocation command line was

  CONFIG_FILES    = 
  CONFIG_HEADERS  = 
  CONFIG_LINKS    = 
  CONFIG_COMMANDS = 
  $ ./config.status Makefile depfiles

on Master

config.status:895: creating Makefile
config.status:1124: executing depfiles commands
